<?xml version="1.0" encoding="UTF-8"?>
<!-- Generated by org.testng.reporters.JUnitReportReporter -->
<testsuite hostname="BLR1-LTBPKSX52" name="resetAssured_Handson.GET_Request" tests="1" failures="0" timestamp="28 Apr 2020 10:13:01 GMT" time="6.431" errors="0">
  <testcase name="postRequest" time="6.431" classname="resetAssured_Handson.GET_Request"/>
</testsuite> <!-- resetAssured_Handson.GET_Request -->
